[2196:11492:1218/164436:INFO:AppRunner.cpp(619)] Begin run process geeplayer
[2196:11492:1218/164436:INFO:AppRunner.cpp(623)] ProductName is GeePlayer1
[2196:11492:1218/164436:INFO:AppRunner.cpp(662)] apppluginbase version is 4.3.4.77
[2196:11492:1218/164436:INFO:UIlib.cpp(192)] quilib: version is 4.3.4.75
[2196:11492:1218/164436:INFO:serviceManager.cpp(687)] mainprocessisrunning key is set as 1
[2196:11492:1218/164436:INFO:serviceManager.cpp(800)] create local service plugin PluginServerStatePlugin
[2196:11492:1218/164436:INFO:serviceManager.cpp(857)] plugin PluginServerStatePlugin DoPluginInit
[2196:11492:1218/164436:INFO:serviceManager.cpp(1523)] repository parse over
[10816:11568:1218/164438:INFO:AppRunner.cpp(619)] Begin run process geeplayer
[10816:11568:1218/164438:INFO:AppRunner.cpp(623)] ProductName is GeePlayer2
[10816:11568:1218/164438:INFO:AppRunner.cpp(662)] apppluginbase version is 4.3.4.77
[10816:11568:1218/164438:INFO:UIlib.cpp(192)] quilib: version is 4.3.4.75
[10816:11568:1218/164438:INFO:serviceManager.cpp(687)] mainprocessisrunning key is set as 1
[10816:11568:1218/164438:INFO:serviceManager.cpp(800)] create local service plugin PluginServerStatePlugin
[10816:11568:1218/164438:INFO:serviceManager.cpp(694)] service recordPluginServerStatePlugin is dirty old runPID:2196 , right pid:10816 , arrPeerInfo Size:0
[10816:11568:1218/164438:INFO:serviceManager.cpp(704)] service table: name:PluginServerStatePlugin runpid:2196 plugin:009CE128, 
[10816:11568:1218/164438:INFO:serviceManager.cpp(857)] plugin PluginServerStatePlugin DoPluginInit
[10816:11568:1218/164438:INFO:serviceManager.cpp(1523)] repository parse over
[2196:11492:1218/164438:INFO:UIManager.cpp(372)] quilib:call set resouce path, path is c:\program files (x86)\iqiyi video\geeplayer\2.3.28.2726\skin
[10816:11568:1218/164438:INFO:UIManager.cpp(372)] quilib:call set resouce path, path is c:\program files (x86)\iqiyi video\geeplayer\2.3.28.2726\skin
[10816:11568:1218/164439:INFO:UIDlgBuilder.cpp(407)] quilib:create root control failed
[2196:11492:1218/164439:INFO:UIDlgBuilder.cpp(407)] quilib:create root control failed
[2196:11492:1218/164439:INFO:UIDlgBuilder.cpp(407)] quilib:create root control failed
[10816:11568:1218/164439:INFO:UIDlgBuilder.cpp(407)] quilib:create root control failed
[10816:11568:1218/164439:INFO:UIDlgBuilder.cpp(407)] quilib:create root control failed
[2196:11492:1218/164439:INFO:UIDlgBuilder.cpp(407)] quilib:create root control failed
[10816:11568:1218/164439:INFO:UIDlgBuilder.cpp(407)] quilib:create root control failed
[2196:11492:1218/164439:INFO:UIDlgBuilder.cpp(407)] quilib:create root control failed
[10816:11568:1218/164501:INFO:AppRunner.cpp(715)] loop exit geeplayer call main plugin DestoryPluginEntry
[10816:11568:1218/164501:INFO:IPlugin.cpp(117)] real plugin mainPlugin call DestroyPlugin
[10816:11568:1218/164501:INFO:IPlugin.cpp(374)] destruct plugin mainPlugin
[10816:11568:1218/164501:INFO:serviceManager.cpp(1608)] mainPlugin plugin had destroy by DestructPlugin
[10816:11568:1218/164501:INFO:serviceManager.cpp(2532)] DestructManager begin
[10816:11568:1218/164501:INFO:IPlugin.cpp(374)] destruct plugin PluginServerStatePlugin
[10816:11568:1218/164501:INFO:IPlugin.cpp(286)] real plugin PluginServerStatePlugin call DestroyPlugin
[10816:11568:1218/164501:INFO:serviceManager.cpp(1608)] PluginServerStatePlugin plugin had destroy by DestructPlugin
[10816:11568:1218/164501:INFO:serviceManager.cpp(2408)] DeleteLeftPlugins begin
[10816:11568:1218/164501:INFO:serviceManager.cpp(2470)] DeleteLeftPlugins end
[10816:11568:1218/164501:INFO:serviceManager.cpp(687)] mainprocessisrunning key is set as 0
[10816:11568:1218/164501:INFO:AppRunner.cpp(730)] close mutex of process geeplayer
[10816:11568:1218/164501:INFO:AppRunner.cpp(738)] run process geeplayer end
[2196:11492:1218/164551:INFO:AppRunner.cpp(715)] loop exit geeplayer call main plugin DestoryPluginEntry
[2196:11492:1218/164551:INFO:IPlugin.cpp(117)] real plugin mainPlugin call DestroyPlugin
[2196:11492:1218/164551:INFO:IPlugin.cpp(374)] destruct plugin mainPlugin
[2196:11492:1218/164551:INFO:serviceManager.cpp(1608)] mainPlugin plugin had destroy by DestructPlugin
[2196:11492:1218/164551:INFO:serviceManager.cpp(2532)] DestructManager begin
[2196:11492:1218/164551:INFO:IPlugin.cpp(374)] destruct plugin PluginServerStatePlugin
[2196:11492:1218/164551:INFO:IPlugin.cpp(286)] real plugin PluginServerStatePlugin call DestroyPlugin
[2196:11492:1218/164551:INFO:serviceManager.cpp(1608)] PluginServerStatePlugin plugin had destroy by DestructPlugin
[2196:11492:1218/164551:INFO:serviceManager.cpp(2408)] DeleteLeftPlugins begin
[2196:11492:1218/164551:INFO:serviceManager.cpp(2470)] DeleteLeftPlugins end
[2196:11492:1218/164551:INFO:serviceManager.cpp(687)] mainprocessisrunning key is set as 0
[2196:11492:1218/164551:INFO:AppRunner.cpp(730)] close mutex of process geeplayer
[2196:11492:1218/164551:INFO:AppRunner.cpp(738)] run process geeplayer end
[8572:5924:1219/003410:INFO:AppRunner.cpp(619)] Begin run process geeplayer
[8572:5924:1219/003410:INFO:AppRunner.cpp(623)] ProductName is GeePlayer1
[8572:5924:1219/003410:INFO:AppRunner.cpp(662)] apppluginbase version is 4.3.4.79
[8572:5924:1219/003410:INFO:UIlib.cpp(192)] quilib: version is 4.3.4.77
[8572:5924:1219/003410:INFO:serviceManager.cpp(687)] mainprocessisrunning key is set as 1
[8572:5924:1219/003410:INFO:serviceManager.cpp(800)] create local service plugin PluginServerStatePlugin
[8572:5924:1219/003410:INFO:serviceManager.cpp(857)] plugin PluginServerStatePlugin DoPluginInit
[8572:5924:1219/003410:INFO:serviceManager.cpp(1523)] repository parse over
[8572:5924:1219/003412:INFO:UIManager.cpp(372)] quilib:call set resouce path, path is c:\program files (x86)\iqiyi video\geeplayer\2.5.31.3010\skin
[8572:5924:1219/003412:INFO:UIDlgBuilder.cpp(407)] quilib:create root control failed
[8572:5924:1219/003412:INFO:UIDlgBuilder.cpp(407)] quilib:create root control failed
[8572:5924:1219/003412:INFO:UIDlgBuilder.cpp(407)] quilib:create root control failed
[8572:5924:1219/003412:INFO:UIDlgBuilder.cpp(407)] quilib:create root control failed
[8572:5924:1219/003412:INFO:UIDlgBuilder.cpp(407)] quilib:create root control failed
[8572:5924:1219/003412:INFO:UIDlgBuilder.cpp(407)] quilib:create root control failed
[3136:3964:1219/194646:INFO:AppRunner.cpp(619)] Begin run process geeplayer
[3136:3964:1219/194646:INFO:AppRunner.cpp(623)] ProductName is GeePlayer1
[3136:3964:1219/194646:INFO:AppRunner.cpp(662)] apppluginbase version is 4.3.4.79
[3136:3964:1219/194646:INFO:UIlib.cpp(192)] quilib: version is 4.3.4.77
[3136:3964:1219/194646:INFO:serviceManager.cpp(687)] mainprocessisrunning key is set as 1
[3136:3964:1219/194646:INFO:serviceManager.cpp(800)] create local service plugin PluginServerStatePlugin
[3136:3964:1219/194646:INFO:serviceManager.cpp(857)] plugin PluginServerStatePlugin DoPluginInit
[3136:3964:1219/194646:INFO:serviceManager.cpp(1523)] repository parse over
[3136:3964:1219/194646:INFO:UIManager.cpp(372)] quilib:call set resouce path, path is c:\program files (x86)\iqiyi video\geeplayer\2.5.31.3010\skin
[3136:3964:1219/194646:INFO:UIDlgBuilder.cpp(407)] quilib:create root control failed
[3136:3964:1219/194646:INFO:UIDlgBuilder.cpp(407)] quilib:create root control failed
[3136:3964:1219/194646:INFO:UIDlgBuilder.cpp(407)] quilib:create root control failed
[3136:3964:1219/194646:INFO:UIDlgBuilder.cpp(407)] quilib:create root control failed
[3136:3964:1219/194646:INFO:UIDlgBuilder.cpp(407)] quilib:create root control failed
[3136:3964:1219/194646:INFO:UIDlgBuilder.cpp(407)] quilib:create root control failed
